#
# A fatal error has been detected by the Java Runtime Environment:
#
#  SIGSEGV (0xb) at pc=0x00007fb4f6a765d1, pid=10658, tid=10670
#
# JRE version: OpenJDK Runtime Environment (11.0.2+9) (build 11.0.2+9-Ubuntu-3ubuntu118.04.3)
# Java VM: OpenJDK 64-Bit Server VM (11.0.2+9-Ubuntu-3ubuntu118.04.3, mixed mode, sharing, tiered, compressed oops, g1 gc, linux-amd64)
# Problematic frame:
# V  [libjvm.so+0x64c5d1]
#
# Core dump will be written. Default location: Core dumps may be processed with "/usr/share/apport/apport %p %s %c %d %P" (or dumping to /home/moongazed/eclipse-workspace/untitled-cs220-project/core.10658)
#
# If you would like to submit a bug report, please visit:
#   http://bugreport.java.com/bugreport/crash.jsp
#

---------------  S U M M A R Y ------------

Command Line: -agentlib:jdwp=transport=dt_socket,suspend=y,address=localhost:42151 -javaagent:/home/moongazed/.eclipse/360744294_linux_gtk_x86_64/configuration/org.eclipse.osgi/219/0/.cp/lib/javaagent-shaded.jar -Dfile.encoding=UTF-8 ConnorGuidry.crypto.BSA512.DemoBSA512

Host: Intel(R) Core(TM) i7-7600U CPU @ 2.80GHz, 4 cores, 15G, Ubuntu 18.04.2 LTS
Time: Sat Apr 27 22:32:41 2019 CDT elapsed time: 1304 seconds (0d 0h 21m 44s)

---------------  T H R E A D  ---------------

Current thread (0x00007fb4f021c000):  VMThread "VM Thread" [stack: 0x00007fb4c80b6000,0x00007fb4c81b6000] [id=10670]

Stack: [0x00007fb4c80b6000,0x00007fb4c81b6000],  sp=0x00007fb4c81b4130,  free space=1016k
Native frames: (J=compiled Java code, A=aot compiled Java code, j=interpreted, Vv=VM code, C=native code)
V  [libjvm.so+0x64c5d1]
V  [libjvm.so+0x7bd180]
V  [libjvm.so+0x7bedf3]
V  [libjvm.so+0x7c051c]
V  [libjvm.so+0x7c307d]
V  [libjvm.so+0x7c3429]
V  [libjvm.so+0xbade9a]
V  [libjvm.so+0xbae41b]
V  [libjvm.so+0xb3c336]
V  [libjvm.so+0x9d35bc]
V  [libjvm.so+0xdef028]
V  [libjvm.so+0xdec8a6]
V  [libjvm.so+0xdecd6e]
V  [libjvm.so+0xded19b]
V  [libjvm.so+0xbc5a20]


siginfo: si_signo: 11 (SIGSEGV), si_code: 2 (SEGV_ACCERR), si_addr: 0x00007fb4c86c8780

Register to memory mapping:

RAX=0x00007fb4c86c8780 is an unknown value
RBX=0x00007fb4c81b48b0 points into unknown readable memory: 20 43 70 f7 b4 7f 00 00
RCX=0x00000000000013b6 is an unknown value
RDX=0x0 is NULL
RSP=0x00007fb4c81b4130 points into unknown readable memory: d0 45 1b c8 b4 7f 00 00
RBP=0x00007fb4c81b4130 points into unknown readable memory: d0 45 1b c8 b4 7f 00 00
RSI=0x00000000000276c0 is an unknown value
RDI=0x00007fb4c86a0b00 is pointing into metadata
R8 =0x0000000000000007 is an unknown value
R9 =0x0 is NULL
R10=0x00000000000000a2 is an unknown value
R11=0x0000000000000007 is an unknown value
R12=0x00007fb4c81b4150 points into unknown readable memory: ff ff ff ff ff ff ff ff
R13=0x00007fb4c81b4160 points into unknown readable memory: 0a 00 00 00 b4 7f 00 00
R14=0x0 is NULL
R15=0x0000000000000007 is an unknown value


Registers:
RAX=0x00007fb4c86c8780, RBX=0x00007fb4c81b48b0, RCX=0x00000000000013b6, RDX=0x0000000000000000
RSP=0x00007fb4c81b4130, RBP=0x00007fb4c81b4130, RSI=0x00000000000276c0, RDI=0x00007fb4c86a0b00
R8 =0x0000000000000007, R9 =0x0000000000000000, R10=0x00000000000000a2, R11=0x0000000000000007
R12=0x00007fb4c81b4150, R13=0x00007fb4c81b4160, R14=0x0000000000000000, R15=0x0000000000000007
RIP=0x00007fb4f6a765d1, EFLAGS=0x0000000000010206, CSGSFS=0x002b000000000033, ERR=0x0000000000000004
  TRAPNO=0x000000000000000e

Top of Stack: (sp=0x00007fb4c81b4130)
0x00007fb4c81b4130:   00007fb4c81b45d0 00007fb4f6be7180
0x00007fb4c81b4140:   0000000000000000 0000000000000001
0x00007fb4c81b4150:   ffffffffffffffff 0000000200000000
0x00007fb4c81b4160:   00007fb40000000a 00007fb4c81b4657 

Instructions: (pc=0x00007fb4f6a765d1)
0x00007fb4f6a765b1:   84 d2 48 89 e5 75 38 48 8b 47 10 48 85 c0 74 2f
0x00007fb4f6a765c1:   85 f6 78 5b 48 63 f6 48 c1 e6 05 48 8d 44 30 28
0x00007fb4f6a765d1:   48 8b 30 0f b7 f6 0f b7 44 f7 42 5d 0f b7 44 c7
0x00007fb4f6a765e1:   42 48 8b 44 c7 40 c3 0f 1f 84 00 00 00 00 00 48 

Stack slot to memory mapping:
stack at sp + 0 slots: 0x00007fb4c81b45d0 points into unknown readable memory: 50 46 1b c8 b4 7f 00 00
stack at sp + 1 slots: 0x00007fb4f6be7180: <offset 0x00000000007bd180> in /usr/lib/jvm/java-11-openjdk-amd64/lib/server/libjvm.so at 0x00007fb4f642a000
stack at sp + 2 slots: 0x0 is NULL
stack at sp + 3 slots: 0x0000000000000001 is an unknown value
stack at sp + 4 slots: 0xffffffffffffffff is an unknown value
stack at sp + 5 slots: 0x0000000200000000 is an unknown value
stack at sp + 6 slots: 0x00007fb40000000a is an unknown value
stack at sp + 7 slots: 0x00007fb4c81b4657 points into unknown readable memory: 00

VM_Operation (0x00007fb4b2be0920): GetOrSetLocal, mode: safepoint, requested by thread 0x00007fb4f027b800


---------------  P R O C E S S  ---------------

Threads class SMR info:
_java_thread_list=0x00007fb48800db10, length=12, elements={
0x00007fb4f0014000, 0x00007fb4f021f000, 0x00007fb4f0221000, 0x00007fb4f0226800,
0x00007fb4f0228800, 0x00007fb4f022a800, 0x00007fb4f022c800, 0x00007fb4f023a000,
0x00007fb4f027b800, 0x00007fb4f027f000, 0x00007fb48c001800, 0x00007fb4f032c800
}

Java Threads: ( => current thread )
  0x00007fb4f0014000 JavaThread "main" [_thread_blocked, id=10663, stack(0x00007fb4f858f000,0x00007fb4f8690000)]
  0x00007fb4f021f000 JavaThread "Reference Handler" daemon [_thread_blocked, id=10671, stack(0x00007fb4b3eff000,0x00007fb4b4000000)]
  0x00007fb4f0221000 JavaThread "Finalizer" daemon [_thread_blocked, id=10672, stack(0x00007fb4b3dfe000,0x00007fb4b3eff000)]
  0x00007fb4f0226800 JavaThread "Signal Dispatcher" daemon [_thread_blocked, id=10673, stack(0x00007fb4b31ec000,0x00007fb4b32ed000)]
  0x00007fb4f0228800 JavaThread "C2 CompilerThread0" daemon [_thread_blocked, id=10674, stack(0x00007fb4b30eb000,0x00007fb4b31ec000)]
  0x00007fb4f022a800 JavaThread "C1 CompilerThread0" daemon [_thread_blocked, id=10675, stack(0x00007fb4b2fea000,0x00007fb4b30eb000)]
  0x00007fb4f022c800 JavaThread "Sweeper thread" daemon [_thread_blocked, id=10676, stack(0x00007fb4b2ee9000,0x00007fb4b2fea000)]
  0x00007fb4f023a000 JavaThread "Common-Cleaner" daemon [_thread_blocked, id=10677, stack(0x00007fb4b2de8000,0x00007fb4b2ee9000)]
  0x00007fb4f027b800 JavaThread "JDWP Transport Listener: dt_socket" daemon [_thread_blocked, id=10680, stack(0x00007fb4b2ae1000,0x00007fb4b2be2000)] _threads_hazard_ptr=0x00007fb48800db10
  0x00007fb4f027f000 JavaThread "JDWP Event Helper Thread" daemon [_thread_blocked, id=10681, stack(0x00007fb4b29e0000,0x00007fb4b2ae1000)]
  0x00007fb48c001800 JavaThread "JDWP Command Reader" daemon [_thread_in_native, id=10684, stack(0x00007fb4b28df000,0x00007fb4b29e0000)]
  0x00007fb4f032c800 JavaThread "Service Thread" daemon [_thread_blocked, id=10689, stack(0x00007fb4b22b5000,0x00007fb4b23b6000)]

Other Threads:
=>0x00007fb4f021c000 VMThread "VM Thread" [stack: 0x00007fb4c80b6000,0x00007fb4c81b6000] [id=10670]
  0x00007fb4f0332800 WatcherThread [stack: 0x00007fb4b21b5000,0x00007fb4b22b5000] [id=10690]
  0x00007fb4f002a000 GCTaskThread "GC Thread#0" [stack: 0x00007fb4f413c000,0x00007fb4f423c000] [id=10665]
  0x00007fb4f0088000 ConcurrentGCThread "G1 Main Marker" [stack: 0x00007fb4d8585000,0x00007fb4d8685000] [id=10666]
  0x00007fb4f0089800 ConcurrentGCThread "G1 Conc#0" [stack: 0x00007fb4d8483000,0x00007fb4d8583000] [id=10667]
  0x00007fb4f0178800 ConcurrentGCThread "G1 Refine#0" [stack: 0x00007fb4c8b3b000,0x00007fb4c8c3b000] [id=10668]
  0x00007fb4f017a800 ConcurrentGCThread "G1 Young RemSet Sampling" [stack: 0x00007fb4c8a39000,0x00007fb4c8b39000] [id=10669]

Threads with active compile tasks:

VM state:at safepoint (normal execution)

VM Mutex/Monitor currently owned by a thread:  ([mutex/lock_event])
[0x00007fb4f000ff80] Threads_lock - owner thread: 0x00007fb4f021c000

Heap address: 0x0000000707200000, size: 3982 MB, Compressed Oops mode: Zero based, Oop shift amount: 3
Narrow klass base: 0x0000000800000000, Narrow klass shift: 3
Compressed class space size: 1073741824 Address: 0x0000000840000000

Heap:
 garbage-first heap   total 258048K, used 5752K [0x0000000707200000, 0x0000000800000000)
  region size 1024K, 6 young (6144K), 0 survivors (0K)
 Metaspace       used 2707K, capacity 4971K, committed 5120K, reserved 1056768K
  class space    used 243K, capacity 442K, committed 512K, reserved 1048576K
Heap Regions: E=young(eden), S=young(survivor), O=old, HS=humongous(starts), HC=humongous(continues), CS=collection set, F=free, A=archive, TAMS=top-at-mark-start (previous, next)
|   0|0x0000000707200000, 0x0000000707200000, 0x0000000707300000|  0%| F|  |TAMS 0x0000000707200000, 0x0000000707200000| Untracked 
|   1|0x0000000707300000, 0x0000000707300000, 0x0000000707400000|  0%| F|  |TAMS 0x0000000707300000, 0x0000000707300000| Untracked 
|   2|0x0000000707400000, 0x0000000707400000, 0x0000000707500000|  0%| F|  |TAMS 0x0000000707400000, 0x0000000707400000| Untracked 
|   3|0x0000000707500000, 0x0000000707500000, 0x0000000707600000|  0%| F|  |TAMS 0x0000000707500000, 0x0000000707500000| Untracked 
|   4|0x0000000707600000, 0x0000000707600000, 0x0000000707700000|  0%| F|  |TAMS 0x0000000707600000, 0x0000000707600000| Untracked 
|   5|0x0000000707700000, 0x0000000707700000, 0x0000000707800000|  0%| F|  |TAMS 0x0000000707700000, 0x0000000707700000| Untracked 
|   6|0x0000000707800000, 0x0000000707800000, 0x0000000707900000|  0%| F|  |TAMS 0x0000000707800000, 0x0000000707800000| Untracked 
|   7|0x0000000707900000, 0x0000000707900000, 0x0000000707a00000|  0%| F|  |TAMS 0x0000000707900000, 0x0000000707900000| Untracked 
|   8|0x0000000707a00000, 0x0000000707a00000, 0x0000000707b00000|  0%| F|  |TAMS 0x0000000707a00000, 0x0000000707a00000| Untracked 
|   9|0x0000000707b00000, 0x0000000707b00000, 0x0000000707c00000|  0%| F|  |TAMS 0x0000000707b00000, 0x0000000707b00000| Untracked 
|  10|0x0000000707c00000, 0x0000000707c00000, 0x0000000707d00000|  0%| F|  |TAMS 0x0000000707c00000, 0x0000000707c00000| Untracked 
|  11|0x0000000707d00000, 0x0000000707d00000, 0x0000000707e00000|  0%| F|  |TAMS 0x0000000707d00000, 0x0000000707d00000| Untracked 
|  12|0x0000000707e00000, 0x0000000707e00000, 0x0000000707f00000|  0%| F|  |TAMS 0x0000000707e00000, 0x0000000707e00000| Untracked 
|  13|0x0000000707f00000, 0x0000000707f00000, 0x0000000708000000|  0%| F|  |TAMS 0x0000000707f00000, 0x0000000707f00000| Untracked 
|  14|0x0000000708000000, 0x0000000708000000, 0x0000000708100000|  0%| F|  |TAMS 0x0000000708000000, 0x0000000708000000| Untracked 
|  15|0x0000000708100000, 0x0000000708100000, 0x0000000708200000|  0%| F|  |TAMS 0x0000000708100000, 0x0000000708100000| Untracked 
|  16|0x0000000708200000, 0x0000000708200000, 0x0000000708300000|  0%| F|  |TAMS 0x0000000708200000, 0x0000000708200000| Untracked 
|  17|0x0000000708300000, 0x0000000708300000, 0x0000000708400000|  0%| F|  |TAMS 0x0000000708300000, 0x0000000708300000| Untracked 
|  18|0x0000000708400000, 0x0000000708400000, 0x0000000708500000|  0%| F|  |TAMS 0x0000000708400000, 0x0000000708400000| Untracked 
|  19|0x0000000708500000, 0x0000000708500000, 0x0000000708600000|  0%| F|  |TAMS 0x0000000708500000, 0x0000000708500000| Untracked 
|  20|0x0000000708600000, 0x0000000708600000, 0x0000000708700000|  0%| F|  |TAMS 0x0000000708600000, 0x0000000708600000| Untracked 
|  21|0x0000000708700000, 0x0000000708700000, 0x0000000708800000|  0%| F|  |TAMS 0x0000000708700000, 0x0000000708700000| Untracked 
|  22|0x0000000708800000, 0x0000000708800000, 0x0000000708900000|  0%| F|  |TAMS 0x0000000708800000, 0x0000000708800000| Untracked 
|  23|0x0000000708900000, 0x0000000708900000, 0x0000000708a00000|  0%| F|  |TAMS 0x0000000708900000, 0x0000000708900000| Untracked 
|  24|0x0000000708a00000, 0x0000000708a00000, 0x0000000708b00000|  0%| F|  |TAMS 0x0000000708a00000, 0x0000000708a00000| Untracked 
|  25|0x0000000708b00000, 0x0000000708b00000, 0x0000000708c00000|  0%| F|  |TAMS 0x0000000708b00000, 0x0000000708b00000| Untracked 
|  26|0x0000000708c00000, 0x0000000708c00000, 0x0000000708d00000|  0%| F|  |TAMS 0x0000000708c00000, 0x0000000708c00000| Untracked 
|  27|0x0000000708d00000, 0x0000000708d00000, 0x0000000708e00000|  0%| F|  |TAMS 0x0000000708d00000, 0x0000000708d00000| Untracked 
|  28|0x0000000708e00000, 0x0000000708e00000, 0x0000000708f00000|  0%| F|  |TAMS 0x0000000708e00000, 0x0000000708e00000| Untracked 
|  29|0x0000000708f00000, 0x0000000708f00000, 0x0000000709000000|  0%| F|  |TAMS 0x0000000708f00000, 0x0000000708f00000| Untracked 
|  30|0x0000000709000000, 0x0000000709000000, 0x0000000709100000|  0%| F|  |TAMS 0x0000000709000000, 0x0000000709000000| Untracked 
|  31|0x0000000709100000, 0x0000000709100000, 0x0000000709200000|  0%| F|  |TAMS 0x0000000709100000, 0x0000000709100000| Untracked 
|  32|0x0000000709200000, 0x0000000709200000, 0x0000000709300000|  0%| F|  |TAMS 0x0000000709200000, 0x0000000709200000| Untracked 
|  33|0x0000000709300000, 0x0000000709300000, 0x0000000709400000|  0%| F|  |TAMS 0x0000000709300000, 0x0000000709300000| Untracked 
|  34|0x0000000709400000, 0x0000000709400000, 0x0000000709500000|  0%| F|  |TAMS 0x0000000709400000, 0x0000000709400000| Untracked 
|  35|0x0000000709500000, 0x0000000709500000, 0x0000000709600000|  0%| F|  |TAMS 0x0000000709500000, 0x0000000709500000| Untracked 
|  36|0x0000000709600000, 0x0000000709600000, 0x0000000709700000|  0%| F|  |TAMS 0x0000000709600000, 0x0000000709600000| Untracked 
|  37|0x0000000709700000, 0x0000000709700000, 0x0000000709800000|  0%| F|  |TAMS 0x0000000709700000, 0x0000000709700000| Untracked 
|  38|0x0000000709800000, 0x0000000709800000, 0x0000000709900000|  0%| F|  |TAMS 0x0000000709800000, 0x0000000709800000| Untracked 
|  39|0x0000000709900000, 0x0000000709900000, 0x0000000709a00000|  0%| F|  |TAMS 0x0000000709900000, 0x0000000709900000| Untracked 
|  40|0x0000000709a00000, 0x0000000709a00000, 0x0000000709b00000|  0%| F|  |TAMS 0x0000000709a00000, 0x0000000709a00000| Untracked 
|  41|0x0000000709b00000, 0x0000000709b00000, 0x0000000709c00000|  0%| F|  |TAMS 0x0000000709b00000, 0x0000000709b00000| Untracked 
|  42|0x0000000709c00000, 0x0000000709c00000, 0x0000000709d00000|  0%| F|  |TAMS 0x0000000709c00000, 0x0000000709c00000| Untracked 
|  43|0x0000000709d00000, 0x0000000709d00000, 0x0000000709e00000|  0%| F|  |TAMS 0x0000000709d00000, 0x0000000709d00000| Untracked 
|  44|0x0000000709e00000, 0x0000000709e00000, 0x0000000709f00000|  0%| F|  |TAMS 0x0000000709e00000, 0x0000000709e00000| Untracked 
|  45|0x0000000709f00000, 0x0000000709f00000, 0x000000070a000000|  0%| F|  |TAMS 0x0000000709f00000, 0x0000000709f00000| Untracked 
|  46|0x000000070a000000, 0x000000070a000000, 0x000000070a100000|  0%| F|  |TAMS 0x000000070a000000, 0x000000070a000000| Untracked 
|  47|0x000000070a100000, 0x000000070a100000, 0x000000070a200000|  0%| F|  |TAMS 0x000000070a100000, 0x000000070a100000| Untracked 
|  48|0x000000070a200000, 0x000000070a200000, 0x000000070a300000|  0%| F|  |TAMS 0x000000070a200000, 0x000000070a200000| Untracked 
|  49|0x000000070a300000, 0x000000070a300000, 0x000000070a400000|  0%| F|  |TAMS 0x000000070a300000, 0x000000070a300000| Untracked 
|  50|0x000000070a400000, 0x000000070a400000, 0x000000070a500000|  0%| F|  |TAMS 0x000000070a400000, 0x000000070a400000| Untracked 
|  51|0x000000070a500000, 0x000000070a500000, 0x000000070a600000|  0%| F|  |TAMS 0x000000070a500000, 0x000000070a500000| Untracked 
|  52|0x000000070a600000, 0x000000070a600000, 0x000000070a700000|  0%| F|  |TAMS 0x000000070a600000, 0x000000070a600000| Untracked 
|  53|0x000000070a700000, 0x000000070a700000, 0x000000070a800000|  0%| F|  |TAMS 0x000000070a700000, 0x000000070a700000| Untracked 
|  54|0x000000070a800000, 0x000000070a800000, 0x000000070a900000|  0%| F|  |TAMS 0x000000070a800000, 0x000000070a800000| Untracked 
|  55|0x000000070a900000, 0x000000070a900000, 0x000000070aa00000|  0%| F|  |TAMS 0x000000070a900000, 0x000000070a900000| Untracked 
|  56|0x000000070aa00000, 0x000000070aa00000, 0x000000070ab00000|  0%| F|  |TAMS 0x000000070aa00000, 0x000000070aa00000| Untracked 
|  57|0x000000070ab00000, 0x000000070ab00000, 0x000000070ac00000|  0%| F|  |TAMS 0x000000070ab00000, 0x000000070ab00000| Untracked 
|  58|0x000000070ac00000, 0x000000070ac00000, 0x000000070ad00000|  0%| F|  |TAMS 0x000000070ac00000, 0x000000070ac00000| Untracked 
|  59|0x000000070ad00000, 0x000000070ad00000, 0x000000070ae00000|  0%| F|  |TAMS 0x000000070ad00000, 0x000000070ad00000| Untracked 
|  60|0x000000070ae00000, 0x000000070ae00000, 0x000000070af00000|  0%| F|  |TAMS 0x000000070ae00000, 0x000000070ae00000| Untracked 
|  61|0x000000070af00000, 0x000000070af00000, 0x000000070b000000|  0%| F|  |TAMS 0x000000070af00000, 0x000000070af00000| Untracked 
|  62|0x000000070b000000, 0x000000070b000000, 0x000000070b100000|  0%| F|  |TAMS 0x000000070b000000, 0x000000070b000000| Untracked 
|  63|0x000000070b100000, 0x000000070b100000, 0x000000070b200000|  0%| F|  |TAMS 0x000000070b100000, 0x000000070b100000| Untracked 
|  64|0x000000070b200000, 0x000000070b200000, 0x000000070b300000|  0%| F|  |TAMS 0x000000070b200000, 0x000000070b200000| Untracked 
|  65|0x000000070b300000, 0x000000070b300000, 0x000000070b400000|  0%| F|  |TAMS 0x000000070b300000, 0x000000070b300000| Untracked 
|  66|0x000000070b400000, 0x000000070b400000, 0x000000070b500000|  0%| F|  |TAMS 0x000000070b400000, 0x000000070b400000| Untracked 
|  67|0x000000070b500000, 0x000000070b500000, 0x000000070b600000|  0%| F|  |TAMS 0x000000070b500000, 0x000000070b500000| Untracked 
|  68|0x000000070b600000, 0x000000070b600000, 0x000000070b700000|  0%| F|  |TAMS 0x000000070b600000, 0x000000070b600000| Untracked 
|  69|0x000000070b700000, 0x000000070b700000, 0x000000070b800000|  0%| F|  |TAMS 0x000000070b700000, 0x000000070b700000| Untracked 
|  70|0x000000070b800000, 0x000000070b800000, 0x000000070b900000|  0%| F|  |TAMS 0x000000070b800000, 0x000000070b800000| Untracked 
|  71|0x000000070b900000, 0x000000070b900000, 0x000000070ba00000|  0%| F|  |TAMS 0x000000070b900000, 0x000000070b900000| Untracked 
|  72|0x000000070ba00000, 0x000000070ba00000, 0x000000070bb00000|  0%| F|  |TAMS 0x000000070ba00000, 0x000000070ba00000| Untracked 
|  73|0x000000070bb00000, 0x000000070bb00000, 0x000000070bc00000|  0%| F|  |TAMS 0x000000070bb00000, 0x000000070bb00000| Untracked 
|  74|0x000000070bc00000, 0x000000070bc00000, 0x000000070bd00000|  0%| F|  |TAMS 0x000000070bc00000, 0x000000070bc00000| Untracked 
|  75|0x000000070bd00000, 0x000000070bd00000, 0x000000070be00000|  0%| F|  |TAMS 0x000000070bd00000, 0x000000070bd00000| Untracked 
|  76|0x000000070be00000, 0x000000070be00000, 0x000000070bf00000|  0%| F|  |TAMS 0x000000070be00000, 0x000000070be00000| Untracked 
|  77|0x000000070bf00000, 0x000000070bf00000, 0x000000070c000000|  0%| F|  |TAMS 0x000000070bf00000, 0x000000070bf00000| Untracked 
|  78|0x000000070c000000, 0x000000070c000000, 0x000000070c100000|  0%| F|  |TAMS 0x000000070c000000, 0x000000070c000000| Untracked 
|  79|0x000000070c100000, 0x000000070c100000, 0x000000070c200000|  0%| F|  |TAMS 0x000000070c100000, 0x000000070c100000| Untracked 
|  80|0x000000070c200000, 0x000000070c200000, 0x000000070c300000|  0%| F|  |TAMS 0x000000070c200000, 0x000000070c200000| Untracked 
|  81|0x000000070c300000, 0x000000070c300000, 0x000000070c400000|  0%| F|  |TAMS 0x000000070c300000, 0x000000070c300000| Untracked 
|  82|0x000000070c400000, 0x000000070c400000, 0x000000070c500000|  0%| F|  |TAMS 0x000000070c400000, 0x000000070c400000| Untracked 
|  83|0x000000070c500000, 0x000000070c500000, 0x000000070c600000|  0%| F|  |TAMS 0x000000070c500000, 0x000000070c500000| Untracked 
|  84|0x000000070c600000, 0x000000070c600000, 0x000000070c700000|  0%| F|  |TAMS 0x000000070c600000, 0x000000070c600000| Untracked 
|  85|0x000000070c700000, 0x000000070c700000, 0x000000070c800000|  0%| F|  |TAMS 0x000000070c700000, 0x000000070c700000| Untracked 
|  86|0x000000070c800000, 0x000000070c800000, 0x000000070c900000|  0%| F|  |TAMS 0x000000070c800000, 0x000000070c800000| Untracked 
|  87|0x000000070c900000, 0x000000070c900000, 0x000000070ca00000|  0%| F|  |TAMS 0x000000070c900000, 0x000000070c900000| Untracked 
|  88|0x000000070ca00000, 0x000000070ca00000, 0x000000070cb00000|  0%| F|  |TAMS 0x000000070ca00000, 0x000000070ca00000| Untracked 
|  89|0x000000070cb00000, 0x000000070cb00000, 0x000000070cc00000|  0%| F|  |TAMS 0x000000070cb00000, 0x000000070cb00000| Untracked 
|  90|0x000000070cc00000, 0x000000070cc00000, 0x000000070cd00000|  0%| F|  |TAMS 0x000000070cc00000, 0x000000070cc00000| Untracked 
|  91|0x000000070cd00000, 0x000000070cd00000, 0x000000070ce00000|  0%| F|  |TAMS 0x000000070cd00000, 0x000000070cd00000| Untracked 
|  92|0x000000070ce00000, 0x000000070ce00000, 0x000000070cf00000|  0%| F|  |TAMS 0x000000070ce00000, 0x000000070ce00000| Untracked 
|  93|0x000000070cf00000, 0x000000070cf00000, 0x000000070d000000|  0%| F|  |TAMS 0x000000070cf00000, 0x000000070cf00000| Untracked 
|  94|0x000000070d000000, 0x000000070d000000, 0x000000070d100000|  0%| F|  |TAMS 0x000000070d000000, 0x000000070d000000| Untracked 
|  95|0x000000070d100000, 0x000000070d100000, 0x000000070d200000|  0%| F|  |TAMS 0x000000070d100000, 0x000000070d100000| Untracked 
|  96|0x000000070d200000, 0x000000070d200000, 0x000000070d300000|  0%| F|  |TAMS 0x000000070d200000, 0x000000070d200000| Untracked 
|  97|0x000000070d300000, 0x000000070d300000, 0x000000070d400000|  0%| F|  |TAMS 0x000000070d300000, 0x000000070d300000| Untracked 
|  98|0x000000070d400000, 0x000000070d400000, 0x000000070d500000|  0%| F|  |TAMS 0x000000070d400000, 0x000000070d400000| Untracked 
|  99|0x000000070d500000, 0x000000070d500000, 0x000000070d600000|  0%| F|  |TAMS 0x000000070d500000, 0x000000070d500000| Untracked 
| 100|0x000000070d600000, 0x000000070d600000, 0x000000070d700000|  0%| F|  |TAMS 0x000000070d600000, 0x000000070d600000| Untracked 
| 101|0x000000070d700000, 0x000000070d700000, 0x000000070d800000|  0%| F|  |TAMS 0x000000070d700000, 0x000000070d700000| Untracked 
| 102|0x000000070d800000, 0x000000070d800000, 0x000000070d900000|  0%| F|  |TAMS 0x000000070d800000, 0x000000070d800000| Untracked 
| 103|0x000000070d900000, 0x000000070d900000, 0x000000070da00000|  0%| F|  |TAMS 0x000000070d900000, 0x000000070d900000| Untracked 
| 104|0x000000070da00000, 0x000000070da00000, 0x000000070db00000|  0%| F|  |TAMS 0x000000070da00000, 0x000000070da00000| Untracked 
| 105|0x000000070db00000, 0x000000070db00000, 0x000000070dc00000|  0%| F|  |TAMS 0x000000070db00000, 0x000000070db00000| Untracked 
| 106|0x000000070dc00000, 0x000000070dc00000, 0x000000070dd00000|  0%| F|  |TAMS 0x000000070dc00000, 0x000000070dc00000| Untracked 
| 107|0x000000070dd00000, 0x000000070dd00000, 0x000000070de00000|  0%| F|  |TAMS 0x000000070dd00000, 0x000000070dd00000| Untracked 
| 108|0x000000070de00000, 0x000000070de00000, 0x000000070df00000|  0%| F|  |TAMS 0x000000070de00000, 0x000000070de00000| Untracked 
| 109|0x000000070df00000, 0x000000070df00000, 0x000000070e000000|  0%| F|  |TAMS 0x000000070df00000, 0x000000070df00000| Untracked 
| 110|0x000000070e000000, 0x000000070e000000, 0x000000070e100000|  0%| F|  |TAMS 0x000000070e000000, 0x000000070e000000| Untracked 
| 111|0x000000070e100000, 0x000000070e100000, 0x000000070e200000|  0%| F|  |TAMS 0x000000070e100000, 0x000000070e100000| Untracked 
| 112|0x000000070e200000, 0x000000070e200000, 0x000000070e300000|  0%| F|  |TAMS 0x000000070e200000, 0x000000070e200000| Untracked 
| 113|0x000000070e300000, 0x000000070e300000, 0x000000070e400000|  0%| F|  |TAMS 0x000000070e300000, 0x000000070e300000| Untracked 
| 114|0x000000070e400000, 0x000000070e400000, 0x000000070e500000|  0%| F|  |TAMS 0x000000070e400000, 0x000000070e400000| Untracked 
| 115|0x000000070e500000, 0x000000070e500000, 0x000000070e600000|  0%| F|  |TAMS 0x000000070e500000, 0x000000070e500000| Untracked 
| 116|0x000000070e600000, 0x000000070e600000, 0x000000070e700000|  0%| F|  |TAMS 0x000000070e600000, 0x000000070e600000| Untracked 
| 117|0x000000070e700000, 0x000000070e700000, 0x000000070e800000|  0%| F|  |TAMS 0x000000070e700000, 0x000000070e700000| Untracked 
| 118|0x000000070e800000, 0x000000070e800000, 0x000000070e900000|  0%| F|  |TAMS 0x000000070e800000, 0x000000070e800000| Untracked 
| 119|0x000000070e900000, 0x000000070e900000, 0x000000070ea00000|  0%| F|  |TAMS 0x000000070e900000, 0x000000070e900000| Untracked 
| 120|0x000000070ea00000, 0x000000070ea00000, 0x000000070eb00000|  0%| F|  |TAMS 0x000000070ea00000, 0x000000070ea00000| Untracked 
| 121|0x000000070eb00000, 0x000000070eb00000, 0x000000070ec00000|  0%| F|  |TAMS 0x000000070eb00000, 0x000000070eb00000| Untracked 
| 122|0x000000070ec00000, 0x000000070ec00000, 0x000000070ed00000|  0%| F|  |TAMS 0x000000070ec00000, 0x000000070ec00000| Untracked 
| 123|0x000000070ed00000, 0x000000070ed00000, 0x000000070ee00000|  0%| F|  |TAMS 0x000000070ed00000, 0x000000070ed00000| Untracked 
| 124|0x000000070ee00000, 0x000000070ee00000, 0x000000070ef00000|  0%| F|  |TAMS 0x000000070ee00000, 0x000000070ee00000| Untracked 
| 125|0x000000070ef00000, 0x000000070ef00000, 0x000000070f000000|  0%| F|  |TAMS 0x000000070ef00000, 0x000000070ef00000| Untracked 
| 126|0x000000070f000000, 0x000000070f000000, 0x000000070f100000|  0%| F|  |TAMS 0x000000070f000000, 0x000000070f000000| Untracked 
| 127|0x000000070f100000, 0x000000070f100000, 0x000000070f200000|  0%| F|  |TAMS 0x000000070f100000, 0x000000070f100000| Untracked 
| 128|0x000000070f200000, 0x000000070f200000, 0x000000070f300000|  0%| F|  |TAMS 0x000000070f200000, 0x000000070f200000| Untracked 
| 129|0x000000070f300000, 0x000000070f300000, 0x000000070f400000|  0%| F|  |TAMS 0x000000070f300000, 0x000000070f300000| Untracked 
| 130|0x000000070f400000, 0x000000070f400000, 0x000000070f500000|  0%| F|  |TAMS 0x000000070f400000, 0x000000070f400000| Untracked 
| 131|0x000000070f500000, 0x000000070f500000, 0x000000070f600000|  0%| F|  |TAMS 0x000000070f500000, 0x000000070f500000| Untracked 
| 132|0x000000070f600000, 0x000000070f600000, 0x000000070f700000|  0%| F|  |TAMS 0x000000070f600000, 0x000000070f600000| Untracked 
| 133|0x000000070f700000, 0x000000070f700000, 0x000000070f800000|  0%| F|  |TAMS 0x000000070f700000, 0x000000070f700000| Untracked 
| 134|0x000000070f800000, 0x000000070f800000, 0x000000070f900000|  0%| F|  |TAMS 0x000000070f800000, 0x000000070f800000| Untracked 
| 135|0x000000070f900000, 0x000000070f900000, 0x000000070fa00000|  0%| F|  |TAMS 0x000000070f900000, 0x000000070f900000| Untracked 
| 136|0x000000070fa00000, 0x000000070fa00000, 0x000000070fb00000|  0%| F|  |TAMS 0x000000070fa00000, 0x000000070fa00000| Untracked 
| 137|0x000000070fb00000, 0x000000070fb00000, 0x000000070fc00000|  0%| F|  |TAMS 0x000000070fb00000, 0x000000070fb00000| Untracked 
| 138|0x000000070fc00000, 0x000000070fc00000, 0x000000070fd00000|  0%| F|  |TAMS 0x000000070fc00000, 0x000000070fc00000| Untracked 
| 139|0x000000070fd00000, 0x000000070fd00000, 0x000000070fe00000|  0%| F|  |TAMS 0x000000070fd00000, 0x000000070fd00000| Untracked 
| 140|0x000000070fe00000, 0x000000070fe00000, 0x000000070ff00000|  0%| F|  |TAMS 0x000000070fe00000, 0x000000070fe00000| Untracked 
| 141|0x000000070ff00000, 0x000000070ff00000, 0x0000000710000000|  0%| F|  |TAMS 0x000000070ff00000, 0x000000070ff00000| Untracked 
| 142|0x0000000710000000, 0x0000000710000000, 0x0000000710100000|  0%| F|  |TAMS 0x0000000710000000, 0x0000000710000000| Untracked 
| 143|0x0000000710100000, 0x0000000710100000, 0x0000000710200000|  0%| F|  |TAMS 0x0000000710100000, 0x0000000710100000| Untracked 
| 144|0x0000000710200000, 0x0000000710200000, 0x0000000710300000|  0%| F|  |TAMS 0x0000000710200000, 0x0000000710200000| Untracked 
| 145|0x0000000710300000, 0x0000000710300000, 0x0000000710400000|  0%| F|  |TAMS 0x0000000710300000, 0x0000000710300000| Untracked 
| 146|0x0000000710400000, 0x0000000710400000, 0x0000000710500000|  0%| F|  |TAMS 0x0000000710400000, 0x0000000710400000| Untracked 
| 147|0x0000000710500000, 0x0000000710500000, 0x0000000710600000|  0%| F|  |TAMS 0x0000000710500000, 0x0000000710500000| Untracked 
| 148|0x0000000710600000, 0x0000000710600000, 0x0000000710700000|  0%| F|  |TAMS 0x0000000710600000, 0x0000000710600000| Untracked 
| 149|0x0000000710700000, 0x0000000710700000, 0x0000000710800000|  0%| F|  |TAMS 0x0000000710700000, 0x0000000710700000| Untracked 
| 150|0x0000000710800000, 0x0000000710800000, 0x0000000710900000|  0%| F|  |TAMS 0x0000000710800000, 0x0000000710800000| Untracked 
| 151|0x0000000710900000, 0x0000000710900000, 0x0000000710a00000|  0%| F|  |TAMS 0x0000000710900000, 0x0000000710900000| Untracked 
| 152|0x0000000710a00000, 0x0000000710a00000, 0x0000000710b00000|  0%| F|  |TAMS 0x0000000710a00000, 0x0000000710a00000| Untracked 
| 153|0x0000000710b00000, 0x0000000710b00000, 0x0000000710c00000|  0%| F|  |TAMS 0x0000000710b00000, 0x0000000710b00000| Untracked 
| 154|0x0000000710c00000, 0x0000000710c00000, 0x0000000710d00000|  0%| F|  |TAMS 0x0000000710c00000, 0x0000000710c00000| Untracked 
| 155|0x0000000710d00000, 0x0000000710d00000, 0x0000000710e00000|  0%| F|  |TAMS 0x0000000710d00000, 0x0000000710d00000| Untracked 
| 156|0x0000000710e00000, 0x0000000710e00000, 0x0000000710f00000|  0%| F|  |TAMS 0x0000000710e00000, 0x0000000710e00000| Untracked 
| 157|0x0000000710f00000, 0x0000000710f00000, 0x0000000711000000|  0%| F|  |TAMS 0x0000000710f00000, 0x0000000710f00000| Untracked 
| 158|0x0000000711000000, 0x0000000711000000, 0x0000000711100000|  0%| F|  |TAMS 0x0000000711000000, 0x0000000711000000| Untracked 
| 159|0x0000000711100000, 0x0000000711100000, 0x0000000711200000|  0%| F|  |TAMS 0x0000000711100000, 0x0000000711100000| Untracked 
| 160|0x0000000711200000, 0x0000000711200000, 0x0000000711300000|  0%| F|  |TAMS 0x0000000711200000, 0x0000000711200000| Untracked 
| 161|0x0000000711300000, 0x0000000711300000, 0x0000000711400000|  0%| F|  |TAMS 0x0000000711300000, 0x0000000711300000| Untracked 
| 162|0x0000000711400000, 0x0000000711400000, 0x0000000711500000|  0%| F|  |TAMS 0x0000000711400000, 0x0000000711400000| Untracked 
| 163|0x0000000711500000, 0x0000000711500000, 0x0000000711600000|  0%| F|  |TAMS 0x0000000711500000, 0x0000000711500000| Untracked 
| 164|0x0000000711600000, 0x0000000711600000, 0x0000000711700000|  0%| F|  |TAMS 0x0000000711600000, 0x0000000711600000| Untracked 
| 165|0x0000000711700000, 0x0000000711700000, 0x0000000711800000|  0%| F|  |TAMS 0x0000000711700000, 0x0000000711700000| Untracked 
| 166|0x0000000711800000, 0x0000000711800000, 0x0000000711900000|  0%| F|  |TAMS 0x0000000711800000, 0x0000000711800000| Untracked 
| 167|0x0000000711900000, 0x0000000711900000, 0x0000000711a00000|  0%| F|  |TAMS 0x0000000711900000, 0x0000000711900000| Untracked 
| 168|0x0000000711a00000, 0x0000000711a00000, 0x0000000711b00000|  0%| F|  |TAMS 0x0000000711a00000, 0x0000000711a00000| Untracked 
| 169|0x0000000711b00000, 0x0000000711b00000, 0x0000000711c00000|  0%| F|  |TAMS 0x0000000711b00000, 0x0000000711b00000| Untracked 
| 170|0x0000000711c00000, 0x0000000711c00000, 0x0000000711d00000|  0%| F|  |TAMS 0x0000000711c00000, 0x0000000711c00000| Untracked 
| 171|0x0000000711d00000, 0x0000000711d00000, 0x0000000711e00000|  0%| F|  |TAMS 0x0000000711d00000, 0x0000000711d00000| Untracked 
| 172|0x0000000711e00000, 0x0000000711e00000, 0x0000000711f00000|  0%| F|  |TAMS 0x0000000711e00000, 0x0000000711e00000| Untracked 
| 173|0x0000000711f00000, 0x0000000711f00000, 0x0000000712000000|  0%| F|  |TAMS 0x0000000711f00000, 0x0000000711f00000| Untracked 
| 174|0x0000000712000000, 0x0000000712000000, 0x0000000712100000|  0%| F|  |TAMS 0x0000000712000000, 0x0000000712000000| Untracked 
| 175|0x0000000712100000, 0x0000000712100000, 0x0000000712200000|  0%| F|  |TAMS 0x0000000712100000, 0x0000000712100000| Untracked 
| 176|0x0000000712200000, 0x0000000712200000, 0x0000000712300000|  0%| F|  |TAMS 0x0000000712200000, 0x0000000712200000| Untracked 
| 177|0x0000000712300000, 0x0000000712300000, 0x0000000712400000|  0%| F|  |TAMS 0x0000000712300000, 0x0000000712300000| Untracked 
| 178|0x0000000712400000, 0x0000000712400000, 0x0000000712500000|  0%| F|  |TAMS 0x0000000712400000, 0x0000000712400000| Untracked 
| 179|0x0000000712500000, 0x0000000712500000, 0x0000000712600000|  0%| F|  |TAMS 0x0000000712500000, 0x0000000712500000| Untracked 
| 180|0x0000000712600000, 0x0000000712600000, 0x0000000712700000|  0%| F|  |TAMS 0x0000000712600000, 0x0000000712600000| Untracked 
| 181|0x0000000712700000, 0x0000000712700000, 0x0000000712800000|  0%| F|  |TAMS 0x0000000712700000, 0x0000000712700000| Untracked 
| 182|0x0000000712800000, 0x0000000712800000, 0x0000000712900000|  0%| F|  |TAMS 0x0000000712800000, 0x0000000712800000| Untracked 
| 183|0x0000000712900000, 0x0000000712900000, 0x0000000712a00000|  0%| F|  |TAMS 0x0000000712900000, 0x0000000712900000| Untracked 
| 184|0x0000000712a00000, 0x0000000712a00000, 0x0000000712b00000|  0%| F|  |TAMS 0x0000000712a00000, 0x0000000712a00000| Untracked 
| 185|0x0000000712b00000, 0x0000000712b00000, 0x0000000712c00000|  0%| F|  |TAMS 0x0000000712b00000, 0x0000000712b00000| Untracked 
| 186|0x0000000712c00000, 0x0000000712c00000, 0x0000000712d00000|  0%| F|  |TAMS 0x0000000712c00000, 0x0000000712c00000| Untracked 
| 187|0x0000000712d00000, 0x0000000712d00000, 0x0000000712e00000|  0%| F|  |TAMS 0x0000000712d00000, 0x0000000712d00000| Untracked 
| 188|0x0000000712e00000, 0x0000000712e00000, 0x0000000712f00000|  0%| F|  |TAMS 0x0000000712e00000, 0x0000000712e00000| Untracked 
| 189|0x0000000712f00000, 0x0000000712f00000, 0x0000000713000000|  0%| F|  |TAMS 0x0000000712f00000, 0x0000000712f00000| Untracked 
| 190|0x0000000713000000, 0x0000000713000000, 0x0000000713100000|  0%| F|  |TAMS 0x0000000713000000, 0x0000000713000000| Untracked 
| 191|0x0000000713100000, 0x0000000713100000, 0x0000000713200000|  0%| F|  |TAMS 0x0000000713100000, 0x0000000713100000| Untracked 
| 192|0x0000000713200000, 0x0000000713200000, 0x0000000713300000|  0%| F|  |TAMS 0x0000000713200000, 0x0000000713200000| Untracked 
| 193|0x0000000713300000, 0x0000000713300000, 0x0000000713400000|  0%| F|  |TAMS 0x0000000713300000, 0x0000000713300000| Untracked 
| 194|0x0000000713400000, 0x0000000713400000, 0x0000000713500000|  0%| F|  |TAMS 0x0000000713400000, 0x0000000713400000| Untracked 
| 195|0x0000000713500000, 0x0000000713500000, 0x0000000713600000|  0%| F|  |TAMS 0x0000000713500000, 0x0000000713500000| Untracked 
| 196|0x0000000713600000, 0x0000000713600000, 0x0000000713700000|  0%| F|  |TAMS 0x0000000713600000, 0x0000000713600000| Untracked 
| 197|0x0000000713700000, 0x0000000713700000, 0x0000000713800000|  0%| F|  |TAMS 0x0000000713700000, 0x0000000713700000| Untracked 
| 198|0x0000000713800000, 0x0000000713800000, 0x0000000713900000|  0%| F|  |TAMS 0x0000000713800000, 0x0000000713800000| Untracked 
| 199|0x0000000713900000, 0x0000000713900000, 0x0000000713a00000|  0%| F|  |TAMS 0x0000000713900000, 0x0000000713900000| Untracked 
| 200|0x0000000713a00000, 0x0000000713a00000, 0x0000000713b00000|  0%| F|  |TAMS 0x0000000713a00000, 0x0000000713a00000| Untracked 
| 201|0x0000000713b00000, 0x0000000713b00000, 0x0000000713c00000|  0%| F|  |TAMS 0x0000000713b00000, 0x0000000713b00000| Untracked 
| 202|0x0000000713c00000, 0x0000000713c00000, 0x0000000713d00000|  0%| F|  |TAMS 0x0000000713c00000, 0x0000000713c00000| Untracked 
| 203|0x0000000713d00000, 0x0000000713d00000, 0x0000000713e00000|  0%| F|  |TAMS 0x0000000713d00000, 0x0000000713d00000| Untracked 
| 204|0x0000000713e00000, 0x0000000713e00000, 0x0000000713f00000|  0%| F|  |TAMS 0x0000000713e00000, 0x0000000713e00000| Untracked 
| 205|0x0000000713f00000, 0x0000000713f00000, 0x0000000714000000|  0%| F|  |TAMS 0x0000000713f00000, 0x0000000713f00000| Untracked 
| 206|0x0000000714000000, 0x0000000714000000, 0x0000000714100000|  0%| F|  |TAMS 0x0000000714000000, 0x0000000714000000| Untracked 
| 207|0x0000000714100000, 0x0000000714100000, 0x0000000714200000|  0%| F|  |TAMS 0x0000000714100000, 0x0000000714100000| Untracked 
| 208|0x0000000714200000, 0x0000000714200000, 0x0000000714300000|  0%| F|  |TAMS 0x0000000714200000, 0x0000000714200000| Untracked 
| 209|0x0000000714300000, 0x0000000714300000, 0x0000000714400000|  0%| F|  |TAMS 0x0000000714300000, 0x0000000714300000| Untracked 
| 210|0x0000000714400000, 0x0000000714400000, 0x0000000714500000|  0%| F|  |TAMS 0x0000000714400000, 0x0000000714400000| Untracked 
| 211|0x0000000714500000, 0x0000000714500000, 0x0000000714600000|  0%| F|  |TAMS 0x0000000714500000, 0x0000000714500000| Untracked 
| 212|0x0000000714600000, 0x0000000714600000, 0x0000000714700000|  0%| F|  |TAMS 0x0000000714600000, 0x0000000714600000| Untracked 
| 213|0x0000000714700000, 0x0000000714700000, 0x0000000714800000|  0%| F|  |TAMS 0x0000000714700000, 0x0000000714700000| Untracked 
| 214|0x0000000714800000, 0x0000000714800000, 0x0000000714900000|  0%| F|  |TAMS 0x0000000714800000, 0x0000000714800000| Untracked 
| 215|0x0000000714900000, 0x0000000714900000, 0x0000000714a00000|  0%| F|  |TAMS 0x0000000714900000, 0x0000000714900000| Untracked 
| 216|0x0000000714a00000, 0x0000000714a00000, 0x0000000714b00000|  0%| F|  |TAMS 0x0000000714a00000, 0x0000000714a00000| Untracked 
| 217|0x0000000714b00000, 0x0000000714b00000, 0x0000000714c00000|  0%| F|  |TAMS 0x0000000714b00000, 0x0000000714b00000| Untracked 
| 218|0x0000000714c00000, 0x0000000714c00000, 0x0000000714d00000|  0%| F|  |TAMS 0x0000000714c00000, 0x0000000714c00000| Untracked 
| 219|0x0000000714d00000, 0x0000000714d00000, 0x0000000714e00000|  0%| F|  |TAMS 0x0000000714d00000, 0x0000000714d00000| Untracked 
| 220|0x0000000714e00000, 0x0000000714e00000, 0x0000000714f00000|  0%| F|  |TAMS 0x0000000714e00000, 0x0000000714e00000| Untracked 
| 221|0x0000000714f00000, 0x0000000714f00000, 0x0000000715000000|  0%| F|  |TAMS 0x0000000714f00000, 0x0000000714f00000| Untracked 
| 222|0x0000000715000000, 0x0000000715000000, 0x0000000715100000|  0%| F|  |TAMS 0x0000000715000000, 0x0000000715000000| Untracked 
| 223|0x0000000715100000, 0x0000000715100000, 0x0000000715200000|  0%| F|  |TAMS 0x0000000715100000, 0x0000000715100000| Untracked 
| 224|0x0000000715200000, 0x0000000715200000, 0x0000000715300000|  0%| F|  |TAMS 0x0000000715200000, 0x0000000715200000| Untracked 
| 225|0x0000000715300000, 0x0000000715300000, 0x0000000715400000|  0%| F|  |TAMS 0x0000000715300000, 0x0000000715300000| Untracked 
| 226|0x0000000715400000, 0x0000000715400000, 0x0000000715500000|  0%| F|  |TAMS 0x0000000715400000, 0x0000000715400000| Untracked 
| 227|0x0000000715500000, 0x0000000715500000, 0x0000000715600000|  0%| F|  |TAMS 0x0000000715500000, 0x0000000715500000| Untracked 
| 228|0x0000000715600000, 0x0000000715600000, 0x0000000715700000|  0%| F|  |TAMS 0x0000000715600000, 0x0000000715600000| Untracked 
| 229|0x0000000715700000, 0x0000000715700000, 0x0000000715800000|  0%| F|  |TAMS 0x0000000715700000, 0x0000000715700000| Untracked 
| 230|0x0000000715800000, 0x0000000715800000, 0x0000000715900000|  0%| F|  |TAMS 0x0000000715800000, 0x0000000715800000| Untracked 
| 231|0x0000000715900000, 0x0000000715900000, 0x0000000715a00000|  0%| F|  |TAMS 0x0000000715900000, 0x0000000715900000| Untracked 
| 232|0x0000000715a00000, 0x0000000715a00000, 0x0000000715b00000|  0%| F|  |TAMS 0x0000000715a00000, 0x0000000715a00000| Untracked 
| 233|0x0000000715b00000, 0x0000000715b00000, 0x0000000715c00000|  0%| F|  |TAMS 0x0000000715b00000, 0x0000000715b00000| Untracked 
| 234|0x0000000715c00000, 0x0000000715c00000, 0x0000000715d00000|  0%| F|  |TAMS 0x0000000715c00000, 0x0000000715c00000| Untracked 
| 235|0x0000000715d00000, 0x0000000715d00000, 0x0000000715e00000|  0%| F|  |TAMS 0x0000000715d00000, 0x0000000715d00000| Untracked 
| 236|0x0000000715e00000, 0x0000000715e00000, 0x0000000715f00000|  0%| F|  |TAMS 0x0000000715e00000, 0x0000000715e00000| Untracked 
| 237|0x0000000715f00000, 0x0000000715f00000, 0x0000000716000000|  0%| F|  |TAMS 0x0000000715f00000, 0x0000000715f00000| Untracked 
| 238|0x0000000716000000, 0x0000000716000000, 0x0000000716100000|  0%| F|  |TAMS 0x0000000716000000, 0x0000000716000000| Untracked 
| 239|0x0000000716100000, 0x0000000716100000, 0x0000000716200000|  0%| F|  |TAMS 0x0000000716100000, 0x0000000716100000| Untracked 
| 240|0x0000000716200000, 0x0000000716200000, 0x0000000716300000|  0%| F|  |TAMS 0x0000000716200000, 0x0000000716200000| Untracked 
| 241|0x0000000716300000, 0x0000000716300000, 0x0000000716400000|  0%| F|  |TAMS 0x0000000716300000, 0x0000000716300000| Untracked 
| 242|0x0000000716400000, 0x0000000716400000, 0x0000000716500000|  0%| F|  |TAMS 0x0000000716400000, 0x0000000716400000| Untracked 
| 243|0x0000000716500000, 0x0000000716500000, 0x0000000716600000|  0%| F|  |TAMS 0x0000000716500000, 0x0000000716500000| Untracked 
| 244|0x0000000716600000, 0x000000071664e630, 0x0000000716700000| 30%| E|  |TAMS 0x0000000716600000, 0x0000000716600000| Complete 
| 245|0x0000000716700000, 0x0000000716800000, 0x0000000716800000|100%| E|CS|TAMS 0x0000000716700000, 0x0000000716700000| Complete 
| 246|0x0000000716800000, 0x0000000716900000, 0x0000000716900000|100%| E|CS|TAMS 0x0000000716800000, 0x0000000716800000| Complete 
| 247|0x0000000716900000, 0x0000000716a00000, 0x0000000716a00000|100%| E|CS|TAMS 0x0000000716900000, 0x0000000716900000| Complete 
| 248|0x0000000716a00000, 0x0000000716b00000, 0x0000000716b00000|100%| E|CS|TAMS 0x0000000716a00000, 0x0000000716a00000| Complete 
| 249|0x0000000716b00000, 0x0000000716c00000, 0x0000000716c00000|100%| E|CS|TAMS 0x0000000716b00000, 0x0000000716b00000| Complete 
|2956|0x00000007bfe00000, 0x00000007bfe34000, 0x00000007bff00000| 20%|OA|  |TAMS 0x00000007bfe00000, 0x00000007bfe00000| Untracked 
|2957|0x00000007bff00000, 0x00000007bff6a000, 0x00000007c0000000| 41%|CA|  |TAMS 0x00000007bff00000, 0x00000007bff00000| Untracked 

Card table byte_map: [0x00007fb4d3072000,0x00007fb4d3839000] _byte_map_base: 0x00007fb4cf839000

Marking Bits (Prev, Next): (CMBitMap*) 0x00007fb4f00775c8, (CMBitMap*) 0x00007fb4f0077600
 Prev Bits: [0x00007fb4cea73000, 0x00007fb4d28ab000)
 Next Bits: [0x00007fb4cac3b000, 0x00007fb4cea73000)

Polling page: 0x00007fb4f86a5000

Metaspace:

Usage:
  Non-class:      4.42 MB capacity,     2.41 MB ( 54%) used,     2.01 MB ( 46%) free+waste,     2.75 KB ( <1%) overhead. 
      Class:    442.00 KB capacity,   243.30 KB ( 55%) used,   197.20 KB ( 45%) free+waste,     1.50 KB ( <1%) overhead. 
       Both:      4.85 MB capacity,     2.64 MB ( 54%) used,     2.21 MB ( 45%) free+waste,     4.25 KB ( <1%) overhead. 

Virtual space:
  Non-class space:        8.00 MB reserved,       4.50 MB ( 56%) committed 
      Class space:        1.00 GB reserved,     512.00 KB ( <1%) committed 
             Both:        1.01 GB reserved,       5.00 MB ( <1%) committed 

Chunk freelists:
   Non-Class:  6.38 KB
       Class:  768 bytes
        Both:  7.12 KB

CodeHeap 'non-profiled nmethods': size=120032Kb used=114Kb max_used=114Kb free=119918Kb
 bounds [0x00007fb4e0450000, 0x00007fb4e06c0000, 0x00007fb4e7988000]
CodeHeap 'profiled nmethods': size=120032Kb used=660Kb max_used=660Kb free=119371Kb
 bounds [0x00007fb4d8f18000, 0x00007fb4d9188000, 0x00007fb4e0450000]
CodeHeap 'non-nmethods': size=5696Kb used=1128Kb max_used=1142Kb free=4568Kb
 bounds [0x00007fb4d8988000, 0x00007fb4d8bf8000, 0x00007fb4d8f18000]
 total_blobs=870 nmethods=419 adapters=273
 compilation: enabled
              stopped_count=0, restarted_count=0
 full_count=0

Compilation events (10 events):
Event: 1268.845 Thread 0x00007fb4f022a800  415       3       org.eclipse.jdt.launching.internal.org.objectweb.asm.SymbolTable::addConstantUtf8Reference (101 bytes)
Event: 1268.847 Thread 0x00007fb4f022a800 nmethod 415 0x00007fb4d8fb9610 code [0x00007fb4d8fb9860, 0x00007fb4d8fb9f78]
Event: 1268.848 Thread 0x00007fb4f022a800  417       3       org.eclipse.jdt.launching.internal.org.objectweb.asm.SymbolTable::addConstantClass (8 bytes)
Event: 1268.848 Thread 0x00007fb4f022a800 nmethod 417 0x00007fb4d8fba310 code [0x00007fb4d8fba4c0, 0x00007fb4d8fba688]
Event: 1268.848 Thread 0x00007fb4f022a800  416       3       org.eclipse.jdt.launching.internal.org.objectweb.asm.ByteVector::put122 (93 bytes)
Event: 1268.848 Thread 0x00007fb4f022a800 nmethod 416 0x00007fb4d8fba710 code [0x00007fb4d8fba8e0, 0x00007fb4d8fbabe8]
Event: 1304.260 Thread 0x00007fb4f022a800  418       3       org.eclipse.jdt.launching.internal.org.objectweb.asm.MethodWriter::visitLocalVariable (222 bytes)
Event: 1304.261 Thread 0x00007fb4f022a800 nmethod 418 0x00007fb4d8fbad90 code [0x00007fb4d8fbb100, 0x00007fb4d8fbc338]
Event: 1304.261 Thread 0x00007fb4f022a800  419       3       org.eclipse.jdt.launching.internal.org.objectweb.asm.ByteVector::putInt (74 bytes)
Event: 1304.261 Thread 0x00007fb4f022a800 nmethod 419 0x00007fb4d8fbcb90 code [0x00007fb4d8fbcd60, 0x00007fb4d8fbd048]

GC Heap History (0 events):
No events

Deoptimization events (0 events):
No events

Classes redefined (2 events):
Event: 1268.847 Thread 0x00007fb4f021c000 redefined class name=ConnorGuidry.crypto.BSA512.BinaryStackTree, count=1
Event: 1304.263 Thread 0x00007fb4f021c000 redefined class name=ConnorGuidry.crypto.BSA512.BinaryStackTree, count=2

Internal exceptions (0 events):
No events

Events (10 events):
Event: 1304.269 Executing VM operation: GetCurrentContendedMonitor done
Event: 1304.270 Executing VM operation: GetOwnedMonitorInfo
Event: 1304.270 Executing VM operation: GetOwnedMonitorInfo done
Event: 1304.271 Executing VM operation: GetCurrentContendedMonitor
Event: 1304.271 Executing VM operation: GetCurrentContendedMonitor done
Event: 1304.272 Executing VM operation: GetCurrentContendedMonitor
Event: 1304.272 Executing VM operation: GetCurrentContendedMonitor done
Event: 1304.272 Executing VM operation: GetOwnedMonitorInfo
Event: 1304.273 Executing VM operation: GetOwnedMonitorInfo done
Event: 1304.304 Executing VM operation: GetOrSetLocal


Dynamic libraries:
707200000-716c00000 rw-p 00000000 00:00 0 
716c00000-7bfe00000 ---p 00000000 00:00 0 
7bfe00000-7bfe34000 rw-p 0111b000 103:02 7865090                         /usr/lib/jvm/java-11-openjdk-amd64/lib/server/classes.jsa
7bfe34000-7bff00000 rw-p 00000000 00:00 0 
7bff00000-7bff6a000 rw-p 010b1000 103:02 7865090                         /usr/lib/jvm/java-11-openjdk-amd64/lib/server/classes.jsa
7bff6a000-7c0000000 rw-p 00000000 00:00 0 
7c0000000-800000000 ---p 00000000 00:00 0 
800000000-800002000 rwxp 00001000 103:02 7865090                         /usr/lib/jvm/java-11-openjdk-amd64/lib/server/classes.jsa
800002000-8010b0000 rw-p 00003000 103:02 7865090                         /usr/lib/jvm/java-11-openjdk-amd64/lib/server/classes.jsa
840000000-840080000 rw-p 00000000 00:00 0 
840080000-880000000 ---p 00000000 00:00 0 
55dd35622000-55dd35623000 r-xp 00000000 103:02 7209554                   /usr/lib/jvm/java-11-openjdk-amd64/bin/java
55dd35823000-55dd35824000 r--p 00001000 103:02 7209554                   /usr/lib/jvm/java-11-openjdk-amd64/bin/java
55dd35824000-55dd35825000 rw-p 00002000 103:02 7209554                   /usr/lib/jvm/java-11-openjdk-amd64/bin/java
55dd3610a000-55dd3612b000 rw-p 00000000 00:00 0                          [heap]
7fb47c000000-7fb47c021000 rw-p 00000000 00:00 0 
7fb47c021000-7fb480000000 ---p 00000000 00:00 0 
7fb480000000-7fb480021000 rw-p 00000000 00:00 0 
7fb480021000-7fb484000000 ---p 00000000 00:00 0 
7fb484000000-7fb484021000 rw-p 00000000 00:00 0 
7fb484021000-7fb488000000 ---p 00000000 00:00 0 
7fb488000000-7fb4880a6000 rw-p 00000000 00:00 0 
7fb4880a6000-7fb48c000000 ---p 00000000 00:00 0 
7fb48c000000-7fb48c021000 rw-p 00000000 00:00 0 
7fb48c021000-7fb490000000 ---p 00000000 00:00 0 
7fb490000000-7fb490021000 rw-p 00000000 00:00 0 
7fb490021000-7fb494000000 ---p 00000000 00:00 0 
7fb494000000-7fb494021000 rw-p 00000000 00:00 0 
7fb494021000-7fb498000000 ---p 00000000 00:00 0 
7fb498000000-7fb498021000 rw-p 00000000 00:00 0 
7fb498021000-7fb49c000000 ---p 00000000 00:00 0 
7fb49c000000-7fb49c279000 rw-p 00000000 00:00 0 
7fb49c279000-7fb4a0000000 ---p 00000000 00:00 0 
7fb4a0000000-7fb4a01b4000 rw-p 00000000 00:00 0 
7fb4a01b4000-7fb4a4000000 ---p 00000000 00:00 0 
7fb4a4000000-7fb4a4021000 rw-p 00000000 00:00 0 
7fb4a4021000-7fb4a8000000 ---p 00000000 00:00 0 
7fb4a8000000-7fb4a8021000 rw-p 00000000 00:00 0 
7fb4a8021000-7fb4ac000000 ---p 00000000 00:00 0 
7fb4ac000000-7fb4ac021000 rw-p 00000000 00:00 0 
7fb4ac021000-7fb4b0000000 ---p 00000000 00:00 0 
7fb4b21b3000-7fb4b21b4000 ---p 00000000 00:00 0 
7fb4b21b4000-7fb4b22b5000 rw-p 00000000 00:00 0 
7fb4b22b5000-7fb4b22b9000 ---p 00000000 00:00 0 
7fb4b22b9000-7fb4b23b6000 rw-p 00000000 00:00 0 
7fb4b23b6000-7fb4b23ba000 ---p 00000000 00:00 0 
7fb4b23ba000-7fb4b24b7000 rw-p 00000000 00:00 0 
7fb4b24b7000-7fb4b24cd000 r-xp 00000000 103:02 7343932                   /usr/lib/jvm/java-11-openjdk-amd64/lib/libnet.so
7fb4b24cd000-7fb4b26cc000 ---p 00016000 103:02 7343932                   /usr/lib/jvm/java-11-openjdk-amd64/lib/libnet.so
7fb4b26cc000-7fb4b26cd000 r--p 00015000 103:02 7343932                   /usr/lib/jvm/java-11-openjdk-amd64/lib/libnet.so
7fb4b26cd000-7fb4b26ce000 rw-p 00016000 103:02 7343932                   /usr/lib/jvm/java-11-openjdk-amd64/lib/libnet.so
7fb4b26ce000-7fb4b26de000 r-xp 00000000 103:02 7343933                   /usr/lib/jvm/java-11-openjdk-amd64/lib/libnio.so
7fb4b26de000-7fb4b28dd000 ---p 00010000 103:02 7343933                   /usr/lib/jvm/java-11-openjdk-amd64/lib/libnio.so
7fb4b28dd000-7fb4b28de000 r--p 0000f000 103:02 7343933                   /usr/lib/jvm/java-11-openjdk-amd64/lib/libnio.so
7fb4b28de000-7fb4b28df000 rw-p 00010000 103:02 7343933                   /usr/lib/jvm/java-11-openjdk-amd64/lib/libnio.so
7fb4b28df000-7fb4b28e3000 ---p 00000000 00:00 0 
7fb4b28e3000-7fb4b29e0000 rw-p 00000000 00:00 0 
7fb4b29e0000-7fb4b29e4000 ---p 00000000 00:00 0 
7fb4b29e4000-7fb4b2ae1000 rw-p 00000000 00:00 0 
7fb4b2ae1000-7fb4b2ae5000 ---p 00000000 00:00 0 
7fb4b2ae5000-7fb4b2be2000 rw-p 00000000 00:00 0 
7fb4b2be2000-7fb4b2be6000 r-xp 00000000 103:02 7343090                   /usr/lib/jvm/java-11-openjdk-amd64/lib/libdt_socket.so
7fb4b2be6000-7fb4b2de6000 ---p 00004000 103:02 7343090                   /usr/lib/jvm/java-11-openjdk-amd64/lib/libdt_socket.so
7fb4b2de6000-7fb4b2de7000 r--p 00004000 103:02 7343090                   /usr/lib/jvm/java-11-openjdk-amd64/lib/libdt_socket.so
7fb4b2de7000-7fb4b2de8000 rw-p 00005000 103:02 7343090                   /usr/lib/jvm/java-11-openjdk-amd64/lib/libdt_socket.so
7fb4b2de8000-7fb4b2dec000 ---p 00000000 00:00 0 
7fb4b2dec000-7fb4b2ee9000 rw-p 00000000 00:00 0 
7fb4b2ee9000-7fb4b2eed000 ---p 00000000 00:00 0 
7fb4b2eed000-7fb4b2fea000 rw-p 00000000 00:00 0 
7fb4b2fea000-7fb4b2fee000 ---p 00000000 00:00 0 
7fb4b2fee000-7fb4b30eb000 rw-p 00000000 00:00 0 
7fb4b30eb000-7fb4b30ef000 ---p 00000000 00:00 0 
7fb4b30ef000-7fb4b31ec000 rw-p 00000000 00:00 0 
7fb4b31ec000-7fb4b31f0000 ---p 00000000 00:00 0 
7fb4b31f0000-7fb4b32ed000 rw-p 00000000 00:00 0 
7fb4b32ed000-7fb4b3dfe000 r--p 00000000 103:02 7084665                   /usr/lib/locale/locale-archive
7fb4b3dfe000-7fb4b3e02000 ---p 00000000 00:00 0 
7fb4b3e02000-7fb4b3eff000 rw-p 00000000 00:00 0 
7fb4b3eff000-7fb4b3f03000 ---p 00000000 00:00 0 
7fb4b3f03000-7fb4b4000000 rw-p 00000000 00:00 0 
7fb4b4000000-7fb4b4021000 rw-p 00000000 00:00 0 
7fb4b4021000-7fb4b8000000 ---p 00000000 00:00 0 
7fb4b8000000-7fb4b8021000 rw-p 00000000 00:00 0 
7fb4b8021000-7fb4bc000000 ---p 00000000 00:00 0 
7fb4bc000000-7fb4bc021000 rw-p 00000000 00:00 0 
7fb4bc021000-7fb4c0000000 ---p 00000000 00:00 0 
7fb4c0000000-7fb4c0021000 rw-p 00000000 00:00 0 
7fb4c0021000-7fb4c4000000 ---p 00000000 00:00 0 
7fb4c4000000-7fb4c4021000 rw-p 00000000 00:00 0 
7fb4c4021000-7fb4c8000000 ---p 00000000 00:00 0 
7fb4c80b4000-7fb4c80b5000 ---p 00000000 00:00 0 
7fb4c80b5000-7fb4c86b7000 rw-p 00000000 00:00 0 
7fb4c86b7000-7fb4c8a37000 ---p 00000000 00:00 0 
7fb4c8a37000-7fb4c8a38000 ---p 00000000 00:00 0 
7fb4c8a38000-7fb4c8b39000 rw-p 00000000 00:00 0 
7fb4c8b39000-7fb4c8b3a000 ---p 00000000 00:00 0 
7fb4c8b3a000-7fb4cb023000 rw-p 00000000 00:00 0 
7fb4cb023000-7fb4cda6b000 ---p 00000000 00:00 0 
7fb4cda6b000-7fb4cda73000 rw-p 00000000 00:00 0 
7fb4cda73000-7fb4cea73000 ---p 00000000 00:00 0 
7fb4cea73000-7fb4cee5b000 rw-p 00000000 00:00 0 
7fb4cee5b000-7fb4d18a3000 ---p 00000000 00:00 0 
7fb4d18a3000-7fb4d18ab000 rw-p 00000000 00:00 0 
7fb4d18ab000-7fb4d28ab000 ---p 00000000 00:00 0 
7fb4d28ab000-7fb4d2928000 rw-p 00000000 00:00 0 
7fb4d2928000-7fb4d2e71000 ---p 00000000 00:00 0 
7fb4d2e71000-7fb4d2e72000 rw-p 00000000 00:00 0 
7fb4d2e72000-7fb4d3072000 ---p 00000000 00:00 0 
7fb4d3072000-7fb4d30ef000 rw-p 00000000 00:00 0 
7fb4d30ef000-7fb4d3638000 ---p 00000000 00:00 0 
7fb4d3638000-7fb4d3639000 rw-p 00000000 00:00 0 
7fb4d3639000-7fb4d3839000 ---p 00000000 00:00 0 
7fb4d3839000-7fb4d38b6000 rw-p 00000000 00:00 0 
7fb4d38b6000-7fb4d3dff000 ---p 00000000 00:00 0 
7fb4d3dff000-7fb4d3e00000 rw-p 00000000 00:00 0 
7fb4d3e00000-7fb4d4000000 ---p 00000000 00:00 0 
7fb4d4000000-7fb4d4021000 rw-p 00000000 00:00 0 
7fb4d4021000-7fb4d8000000 ---p 00000000 00:00 0 
7fb4d8022000-7fb4d8481000 rw-p 00000000 00:00 0 
7fb4d8481000-7fb4d8482000 ---p 00000000 00:00 0 
7fb4d8482000-7fb4d8583000 rw-p 00000000 00:00 0 
7fb4d8583000-7fb4d8584000 ---p 00000000 00:00 0 
7fb4d8584000-7fb4d8988000 rw-p 00000000 00:00 0 
7fb4d8988000-7fb4d8bf8000 rwxp 00000000 00:00 0 
7fb4d8bf8000-7fb4d8f18000 ---p 00000000 00:00 0 
7fb4d8f18000-7fb4d9188000 rwxp 00000000 00:00 0 
7fb4d9188000-7fb4e0450000 ---p 00000000 00:00 0 
7fb4e0450000-7fb4e06c0000 rwxp 00000000 00:00 0 
7fb4e06c0000-7fb4e7988000 ---p 00000000 00:00 0 
7fb4e7988000-7fb4f0000000 r--s 00000000 103:02 7343942                   /usr/lib/jvm/java-11-openjdk-amd64/lib/modules
7fb4f0000000-7fb4f03ef000 rw-p 00000000 00:00 0 
7fb4f03ef000-7fb4f4000000 ---p 00000000 00:00 0 
7fb4f4039000-7fb4f413a000 rw-p 00000000 00:00 0 
7fb4f413a000-7fb4f413b000 ---p 00000000 00:00 0 
7fb4f413b000-7fb4f4241000 rw-p 00000000 00:00 0 
7fb4f4241000-7fb4f4327000 ---p 00000000 00:00 0 
7fb4f4327000-7fb4f432c000 rw-p 00000000 00:00 0 
7fb4f432c000-7fb4f4412000 ---p 00000000 00:00 0 
7fb4f4412000-7fb4f4417000 r-xp 00000000 103:02 7343693                   /usr/lib/jvm/java-11-openjdk-amd64/lib/libjimage.so
7fb4f4417000-7fb4f4616000 ---p 00005000 103:02 7343693                   /usr/lib/jvm/java-11-openjdk-amd64/lib/libjimage.so
7fb4f4616000-7fb4f4617000 r--p 00004000 103:02 7343693                   /usr/lib/jvm/java-11-openjdk-amd64/lib/libjimage.so
7fb4f4617000-7fb4f4618000 rw-p 00005000 103:02 7343693                   /usr/lib/jvm/java-11-openjdk-amd64/lib/libjimage.so
7fb4f4618000-7fb4f461f000 r-xp 00000000 103:02 7343941                   /usr/lib/jvm/java-11-openjdk-amd64/lib/libzip.so
7fb4f461f000-7fb4f481e000 ---p 00007000 103:02 7343941                   /usr/lib/jvm/java-11-openjdk-amd64/lib/libzip.so
7fb4f481e000-7fb4f481f000 r--p 00006000 103:02 7343941                   /usr/lib/jvm/java-11-openjdk-amd64/lib/libzip.so
7fb4f481f000-7fb4f4820000 rw-p 00007000 103:02 7343941                   /usr/lib/jvm/java-11-openjdk-amd64/lib/libzip.so
7fb4f4820000-7fb4f482b000 r-xp 00000000 103:02 1184562                   /lib/x86_64-linux-gnu/libnss_files-2.27.so
7fb4f482b000-7fb4f4a2a000 ---p 0000b000 103:02 1184562                   /lib/x86_64-linux-gnu/libnss_files-2.27.so
7fb4f4a2a000-7fb4f4a2b000 r--p 0000a000 103:02 1184562                   /lib/x86_64-linux-gnu/libnss_files-2.27.so
7fb4f4a2b000-7fb4f4a2c000 rw-p 0000b000 103:02 1184562                   /lib/x86_64-linux-gnu/libnss_files-2.27.so
7fb4f4a2c000-7fb4f4a32000 rw-p 00000000 00:00 0 
7fb4f4a32000-7fb4f4a49000 r-xp 00000000 103:02 1184556                   /lib/x86_64-linux-gnu/libnsl-2.27.so
7fb4f4a49000-7fb4f4c48000 ---p 00017000 103:02 1184556                   /lib/x86_64-linux-gnu/libnsl-2.27.so
7fb4f4c48000-7fb4f4c49000 r--p 00016000 103:02 1184556                   /lib/x86_64-linux-gnu/libnsl-2.27.so
7fb4f4c49000-7fb4f4c4a000 rw-p 00017000 103:02 1184556                   /lib/x86_64-linux-gnu/libnsl-2.27.so
7fb4f4c4a000-7fb4f4c4c000 rw-p 00000000 00:00 0 
7fb4f4c4c000-7fb4f4c57000 r-xp 00000000 103:02 1184573                   /lib/x86_64-linux-gnu/libnss_nis-2.27.so
7fb4f4c57000-7fb4f4e56000 ---p 0000b000 103:02 1184573                   /lib/x86_64-linux-gnu/libnss_nis-2.27.so
7fb4f4e56000-7fb4f4e57000 r--p 0000a000 103:02 1184573                   /lib/x86_64-linux-gnu/libnss_nis-2.27.so
7fb4f4e57000-7fb4f4e58000 rw-p 0000b000 103:02 1184573                   /lib/x86_64-linux-gnu/libnss_nis-2.27.so
7fb4f4e58000-7fb4f4e60000 r-xp 00000000 103:02 1184558                   /lib/x86_64-linux-gnu/libnss_compat-2.27.so
7fb4f4e60000-7fb4f5060000 ---p 00008000 103:02 1184558                   /lib/x86_64-linux-gnu/libnss_compat-2.27.so
7fb4f5060000-7fb4f5061000 r--p 00008000 103:02 1184558                   /lib/x86_64-linux-gnu/libnss_compat-2.27.so
7fb4f5061000-7fb4f5062000 rw-p 00009000 103:02 1184558                   /lib/x86_64-linux-gnu/libnss_compat-2.27.so
7fb4f5062000-7fb4f506c000 r-xp 00000000 103:02 7343118                   /usr/lib/jvm/java-11-openjdk-amd64/lib/libinstrument.so
7fb4f506c000-7fb4f526b000 ---p 0000a000 103:02 7343118                   /usr/lib/jvm/java-11-openjdk-amd64/lib/libinstrument.so
7fb4f526b000-7fb4f526c000 r--p 00009000 103:02 7343118                   /usr/lib/jvm/java-11-openjdk-amd64/lib/libinstrument.so
7fb4f526c000-7fb4f526d000 rw-p 0000a000 103:02 7343118                   /usr/lib/jvm/java-11-openjdk-amd64/lib/libinstrument.so
7fb4f526d000-7fb4f52a8000 r-xp 00000000 103:02 7343692                   /usr/lib/jvm/java-11-openjdk-amd64/lib/libjdwp.so
7fb4f52a8000-7fb4f54a7000 ---p 0003b000 103:02 7343692                   /usr/lib/jvm/java-11-openjdk-amd64/lib/libjdwp.so
7fb4f54a7000-7fb4f54a8000 r--p 0003a000 103:02 7343692                   /usr/lib/jvm/java-11-openjdk-amd64/lib/libjdwp.so
7fb4f54a8000-7fb4f54a9000 rw-p 0003b000 103:02 7343692                   /usr/lib/jvm/java-11-openjdk-amd64/lib/libjdwp.so
7fb4f54a9000-7fb4f54d2000 r-xp 00000000 103:02 7343689                   /usr/lib/jvm/java-11-openjdk-amd64/lib/libjava.so
7fb4f54d2000-7fb4f56d1000 ---p 00029000 103:02 7343689                   /usr/lib/jvm/java-11-openjdk-amd64/lib/libjava.so
7fb4f56d1000-7fb4f56d2000 r--p 00028000 103:02 7343689                   /usr/lib/jvm/java-11-openjdk-amd64/lib/libjava.so
7fb4f56d2000-7fb4f56d4000 rw-p 00029000 103:02 7343689                   /usr/lib/jvm/java-11-openjdk-amd64/lib/libjava.so
7fb4f56d4000-7fb4f56e1000 r-xp 00000000 103:02 7343940                   /usr/lib/jvm/java-11-openjdk-amd64/lib/libverify.so
7fb4f56e1000-7fb4f58e0000 ---p 0000d000 103:02 7343940                   /usr/lib/jvm/java-11-openjdk-amd64/lib/libverify.so
7fb4f58e0000-7fb4f58e2000 r--p 0000c000 103:02 7343940                   /usr/lib/jvm/java-11-openjdk-amd64/lib/libverify.so
7fb4f58e2000-7fb4f58e3000 rw-p 0000e000 103:02 7343940                   /usr/lib/jvm/java-11-openjdk-amd64/lib/libverify.so
7fb4f58e3000-7fb4f58ea000 r-xp 00000000 103:02 1184613                   /lib/x86_64-linux-gnu/librt-2.27.so
7fb4f58ea000-7fb4f5ae9000 ---p 00007000 103:02 1184613                   /lib/x86_64-linux-gnu/librt-2.27.so
7fb4f5ae9000-7fb4f5aea000 r--p 00006000 103:02 1184613                   /lib/x86_64-linux-gnu/librt-2.27.so
7fb4f5aea000-7fb4f5aeb000 rw-p 00007000 103:02 1184613                   /lib/x86_64-linux-gnu/librt-2.27.so
7fb4f5aeb000-7fb4f5b02000 r-xp 00000000 103:02 1184509                   /lib/x86_64-linux-gnu/libgcc_s.so.1
7fb4f5b02000-7fb4f5d01000 ---p 00017000 103:02 1184509                   /lib/x86_64-linux-gnu/libgcc_s.so.1
7fb4f5d01000-7fb4f5d02000 r--p 00016000 103:02 1184509                   /lib/x86_64-linux-gnu/libgcc_s.so.1
7fb4f5d02000-7fb4f5d03000 rw-p 00017000 103:02 1184509                   /lib/x86_64-linux-gnu/libgcc_s.so.1
7fb4f5d03000-7fb4f5ea0000 r-xp 00000000 103:02 1184535                   /lib/x86_64-linux-gnu/libm-2.27.so
7fb4f5ea0000-7fb4f609f000 ---p 0019d000 103:02 1184535                   /lib/x86_64-linux-gnu/libm-2.27.so
7fb4f609f000-7fb4f60a0000 r--p 0019c000 103:02 1184535                   /lib/x86_64-linux-gnu/libm-2.27.so
7fb4f60a0000-7fb4f60a1000 rw-p 0019d000 103:02 1184535                   /lib/x86_64-linux-gnu/libm-2.27.so
7fb4f60a1000-7fb4f621a000 r-xp 00000000 103:02 7086722                   /usr/lib/x86_64-linux-gnu/libstdc++.so.6.0.25
7fb4f621a000-7fb4f641a000 ---p 00179000 103:02 7086722                   /usr/lib/x86_64-linux-gnu/libstdc++.so.6.0.25
7fb4f641a000-7fb4f6424000 r--p 00179000 103:02 7086722                   /usr/lib/x86_64-linux-gnu/libstdc++.so.6.0.25
7fb4f6424000-7fb4f6426000 rw-p 00183000 103:02 7086722                   /usr/lib/x86_64-linux-gnu/libstdc++.so.6.0.25
7fb4f6426000-7fb4f642a000 rw-p 00000000 00:00 0 
7fb4f642a000-7fb4f74f5000 r-xp 00000000 103:02 7865032                   /usr/lib/jvm/java-11-openjdk-amd64/lib/server/libjvm.so
7fb4f74f5000-7fb4f76f4000 ---p 010cb000 103:02 7865032                   /usr/lib/jvm/java-11-openjdk-amd64/lib/server/libjvm.so
7fb4f76f4000-7fb4f77b1000 r--p 010ca000 103:02 7865032                   /usr/lib/jvm/java-11-openjdk-amd64/lib/server/libjvm.so
7fb4f77b1000-7fb4f77ea000 rw-p 01187000 103:02 7865032                   /usr/lib/jvm/java-11-openjdk-amd64/lib/server/libjvm.so
7fb4f77ea000-7fb4f7840000 rw-p 00000000 00:00 0 
7fb4f7840000-7fb4f785a000 r-xp 00000000 103:02 1184605                   /lib/x86_64-linux-gnu/libpthread-2.27.so
7fb4f785a000-7fb4f7a59000 ---p 0001a000 103:02 1184605                   /lib/x86_64-linux-gnu/libpthread-2.27.so
7fb4f7a59000-7fb4f7a5a000 r--p 00019000 103:02 1184605                   /lib/x86_64-linux-gnu/libpthread-2.27.so
7fb4f7a5a000-7fb4f7a5b000 rw-p 0001a000 103:02 1184605                   /lib/x86_64-linux-gnu/libpthread-2.27.so
7fb4f7a5b000-7fb4f7a5f000 rw-p 00000000 00:00 0 
7fb4f7a5f000-7fb4f7a62000 r-xp 00000000 103:02 1184495                   /lib/x86_64-linux-gnu/libdl-2.27.so
7fb4f7a62000-7fb4f7c61000 ---p 00003000 103:02 1184495                   /lib/x86_64-linux-gnu/libdl-2.27.so
7fb4f7c61000-7fb4f7c62000 r--p 00002000 103:02 1184495                   /lib/x86_64-linux-gnu/libdl-2.27.so
7fb4f7c62000-7fb4f7c63000 rw-p 00003000 103:02 1184495                   /lib/x86_64-linux-gnu/libdl-2.27.so
7fb4f7c63000-7fb4f7c7f000 r-xp 00000000 103:02 1184644                   /lib/x86_64-linux-gnu/libz.so.1.2.11
7fb4f7c7f000-7fb4f7e7e000 ---p 0001c000 103:02 1184644                   /lib/x86_64-linux-gnu/libz.so.1.2.11
7fb4f7e7e000-7fb4f7e7f000 r--p 0001b000 103:02 1184644                   /lib/x86_64-linux-gnu/libz.so.1.2.11
7fb4f7e7f000-7fb4f7e80000 rw-p 0001c000 103:02 1184644                   /lib/x86_64-linux-gnu/libz.so.1.2.11
7fb4f7e80000-7fb4f8067000 r-xp 00000000 103:02 1184472                   /lib/x86_64-linux-gnu/libc-2.27.so
7fb4f8067000-7fb4f8267000 ---p 001e7000 103:02 1184472                   /lib/x86_64-linux-gnu/libc-2.27.so
7fb4f8267000-7fb4f826b000 r--p 001e7000 103:02 1184472                   /lib/x86_64-linux-gnu/libc-2.27.so
7fb4f826b000-7fb4f826d000 rw-p 001eb000 103:02 1184472                   /lib/x86_64-linux-gnu/libc-2.27.so
7fb4f826d000-7fb4f8271000 rw-p 00000000 00:00 0 
7fb4f8271000-7fb4f8280000 r-xp 00000000 103:02 7864552                   /usr/lib/jvm/java-11-openjdk-amd64/lib/jli/libjli.so
7fb4f8280000-7fb4f8480000 ---p 0000f000 103:02 7864552                   /usr/lib/jvm/java-11-openjdk-amd64/lib/jli/libjli.so
7fb4f8480000-7fb4f8481000 r--p 0000f000 103:02 7864552                   /usr/lib/jvm/java-11-openjdk-amd64/lib/jli/libjli.so
7fb4f8481000-7fb4f8482000 rw-p 00010000 103:02 7864552                   /usr/lib/jvm/java-11-openjdk-amd64/lib/jli/libjli.so
7fb4f8482000-7fb4f84a9000 r-xp 00000000 103:02 1184444                   /lib/x86_64-linux-gnu/ld-2.27.so
7fb4f84fe000-7fb4f8588000 rw-p 00000000 00:00 0 
7fb4f8588000-7fb4f858f000 ---p 00000000 00:00 0 
7fb4f858f000-7fb4f8593000 ---p 00000000 00:00 0 
7fb4f8593000-7fb4f8692000 rw-p 00000000 00:00 0 
7fb4f8696000-7fb4f869d000 r--s 00000000 103:02 7342930                   /usr/lib/x86_64-linux-gnu/gconv/gconv-modules.cache
7fb4f869d000-7fb4f86a5000 rw-s 00000000 103:02 14286867                  /tmp/hsperfdata_moongazed/10658
7fb4f86a5000-7fb4f86a6000 ---p 00000000 00:00 0 
7fb4f86a6000-7fb4f86a7000 r--p 00000000 00:00 0 
7fb4f86a7000-7fb4f86a9000 rw-p 00000000 00:00 0 
7fb4f86a9000-7fb4f86aa000 r--p 00027000 103:02 1184444                   /lib/x86_64-linux-gnu/ld-2.27.so
7fb4f86aa000-7fb4f86ab000 rw-p 00028000 103:02 1184444                   /lib/x86_64-linux-gnu/ld-2.27.so
7fb4f86ab000-7fb4f86ac000 rw-p 00000000 00:00 0 
7ffd02444000-7ffd02465000 rw-p 00000000 00:00 0                          [stack]
7ffd02545000-7ffd02548000 r--p 00000000 00:00 0                          [vvar]
7ffd02548000-7ffd0254a000 r-xp 00000000 00:00 0                          [vdso]
ffffffffff600000-ffffffffff601000 r-xp 00000000 00:00 0                  [vsyscall]


VM Arguments:
jvm_args: -agentlib:jdwp=transport=dt_socket,suspend=y,address=localhost:42151 -javaagent:/home/moongazed/.eclipse/360744294_linux_gtk_x86_64/configuration/org.eclipse.osgi/219/0/.cp/lib/javaagent-shaded.jar -Dfile.encoding=UTF-8 
java_command: ConnorGuidry.crypto.BSA512.DemoBSA512
java_class_path (initial): /home/moongazed/eclipse-workspace/untitled-cs220-project/bin
Launcher Type: SUN_STANDARD

[Global flags]
     intx CICompilerCount                          = 3                                         {product} {ergonomic}
     uint ConcGCThreads                            = 1                                         {product} {ergonomic}
     uint G1ConcRefinementThreads                  = 4                                         {product} {ergonomic}
   size_t G1HeapRegionSize                         = 1048576                                   {product} {ergonomic}
    uintx GCDrainStackTargetSize                   = 64                                        {product} {ergonomic}
   size_t InitialHeapSize                          = 262144000                                 {product} {ergonomic}
   size_t MarkStackSize                            = 4194304                                   {product} {ergonomic}
   size_t MaxHeapSize                              = 4175429632                                {product} {ergonomic}
   size_t MaxNewSize                               = 2505048064                                {product} {ergonomic}
   size_t MinHeapDeltaBytes                        = 1048576                                   {product} {ergonomic}
    uintx NonNMethodCodeHeapSize                   = 5830092                                {pd product} {ergonomic}
    uintx NonProfiledCodeHeapSize                  = 122914074                              {pd product} {ergonomic}
    uintx ProfiledCodeHeapSize                     = 122914074                              {pd product} {ergonomic}
    uintx ReservedCodeCacheSize                    = 251658240                              {pd product} {ergonomic}
     bool SegmentedCodeCache                       = true                                      {product} {ergonomic}
     bool UseCompressedClassPointers               = true                                 {lp64_product} {ergonomic}
     bool UseCompressedOops                        = true                                 {lp64_product} {ergonomic}
     bool UseG1GC                                  = true                                      {product} {ergonomic}

Logging:
Log output configuration:
 #0: stdout all=warning uptime,level,tags
 #1: stderr all=off uptime,level,tags

Environment Variables:
PATH=/usr/local/sbin:/usr/local/bin:/usr/sbin:/usr/bin:/sbin:/bin:/usr/games:/usr/local/games:/snap/bin
USERNAME=moongazed
SHELL=/bin/bash
DISPLAY=:0

Signal Handlers:
SIGSEGV: [libjvm.so+0xde6480], sa_mask[0]=11111111011111111101111111111110, sa_flags=SA_RESTART|SA_SIGINFO
SIGBUS: [libjvm.so+0xde6480], sa_mask[0]=11111111011111111101111111111110, sa_flags=SA_RESTART|SA_SIGINFO
SIGFPE: [libjvm.so+0xde6480], sa_mask[0]=11111111011111111101111111111110, sa_flags=SA_RESTART|SA_SIGINFO
SIGPIPE: [libjvm.so+0xbbbc90], sa_mask[0]=11111111011111111101111111111110, sa_flags=SA_RESTART|SA_SIGINFO
SIGXFSZ: [libjvm.so+0xbbbc90], sa_mask[0]=11111111011111111101111111111110, sa_flags=SA_RESTART|SA_SIGINFO
SIGILL: [libjvm.so+0xde6480], sa_mask[0]=11111111011111111101111111111110, sa_flags=SA_RESTART|SA_SIGINFO
SIGUSR2: [libjvm.so+0xbbbb30], sa_mask[0]=00100000000000000000000000000000, sa_flags=SA_RESTART|SA_SIGINFO
SIGHUP: [libjvm.so+0xbbbe90], sa_mask[0]=11111111011111111101111111111110, sa_flags=SA_RESTART|SA_SIGINFO
SIGINT: [libjvm.so+0xbbbe90], sa_mask[0]=11111111011111111101111111111110, sa_flags=SA_RESTART|SA_SIGINFO
SIGTERM: [libjvm.so+0xbbbe90], sa_mask[0]=11111111011111111101111111111110, sa_flags=SA_RESTART|SA_SIGINFO
SIGQUIT: [libjvm.so+0xbbbe90], sa_mask[0]=11111111011111111101111111111110, sa_flags=SA_RESTART|SA_SIGINFO


---------------  S Y S T E M  ---------------

OS:DISTRIB_ID=Ubuntu
DISTRIB_RELEASE=18.04
DISTRIB_CODENAME=bionic
DISTRIB_DESCRIPTION="Ubuntu 18.04.2 LTS"
uname:Linux 4.18.0-17-generic #18~18.04.1-Ubuntu SMP Fri Mar 15 15:27:12 UTC 2019 x86_64
libc:glibc 2.27 NPTL 2.27 
rlimit: STACK 8192k, CORE 0k, NPROC 63269, NOFILE 1048576, AS infinity, DATA infinity, FSIZE infinity
load average:0.67 0.31 0.42

/proc/meminfo:
MemTotal:       16307820 kB
MemFree:        11844384 kB
MemAvailable:   12871288 kB
Buffers:          169292 kB
Cached:          1520380 kB
SwapCached:            0 kB
Active:          2963924 kB
Inactive:        1223632 kB
Active(anon):    2499188 kB
Inactive(anon):   443232 kB
Active(file):     464736 kB
Inactive(file):   780400 kB
Unevictable:          48 kB
Mlocked:              48 kB
SwapTotal:       2097148 kB
SwapFree:        2097148 kB
Dirty:                84 kB
Writeback:             0 kB
AnonPages:       2497976 kB
Mapped:           554192 kB
Shmem:            444540 kB
Slab:             124960 kB
SReclaimable:      67924 kB
SUnreclaim:        57036 kB
KernelStack:       13424 kB
PageTables:        53540 kB
NFS_Unstable:          0 kB
Bounce:                0 kB
WritebackTmp:          0 kB
CommitLimit:    10251056 kB
Committed_AS:    7307124 kB
VmallocTotal:   34359738367 kB
VmallocUsed:           0 kB
VmallocChunk:          0 kB
HardwareCorrupted:     0 kB
AnonHugePages:         0 kB
ShmemHugePages:        0 kB
ShmemPmdMapped:        0 kB
CmaTotal:              0 kB
CmaFree:               0 kB
HugePages_Total:       0
HugePages_Free:        0
HugePages_Rsvd:        0
HugePages_Surp:        0
Hugepagesize:       2048 kB
Hugetlb:               0 kB
DirectMap4k:      152316 kB
DirectMap2M:     6021120 kB
DirectMap1G:    10485760 kB


/proc/sys/kernel/threads-max (system-wide limit on the number of threads):
126539


/proc/sys/vm/max_map_count (maximum number of memory map areas a process may have):
65530


/proc/sys/kernel/pid_max (system-wide limit on number of process identifiers):
32768



container (cgroup) information:
container_type: cgroupv1
cpu_cpuset_cpus: 0-3
cpu_memory_nodes: 0
active_processor_count: 4
cpu_quota: -1
cpu_period: 100000
cpu_shares: -1
memory_limit_in_bytes: -1
memory_and_swap_limit_in_bytes: -2
memory_soft_limit_in_bytes: -1
memory_usage_in_bytes: 4288073728
memory_max_usage_in_bytes: 0


CPU:total 4 (initial active 4) (2 cores per cpu, 2 threads per core) family 6 model 142 stepping 9, cmov, cx8, fxsr, mmx, sse, sse2, sse3, ssse3, sse4.1, sse4.2, popcnt, avx, avx2, aes, clmul, erms, rtm, 3dnowpref, lzcnt, ht, tsc, tscinvbit, bmi1, bmi2, adx, fma
CPU Model and flags from /proc/cpuinfo:
model name	: Intel(R) Core(TM) i7-7600U CPU @ 2.80GHz
flags		: fpu vme de pse tsc msr pae mce cx8 apic sep mtrr pge mca cmov pat pse36 clflush dts acpi mmx fxsr sse sse2 ss ht tm pbe syscall nx pdpe1gb rdtscp lm constant_tsc art arch_perfmon pebs bts rep_good nopl xtopology nonstop_tsc cpuid aperfmperf tsc_known_freq pni pclmulqdq dtes64 monitor ds_cpl vmx smx est tm2 ssse3 sdbg fma cx16 xtpr pdcm pcid sse4_1 sse4_2 x2apic movbe popcnt tsc_deadline_timer aes xsave avx f16c rdrand lahf_lm abm 3dnowprefetch cpuid_fault epb invpcid_single pti ssbd ibrs ibpb stibp tpr_shadow vnmi flexpriority ept vpid fsgsbase tsc_adjust bmi1 hle avx2 smep bmi2 erms invpcid rtm mpx rdseed adx smap clflushopt intel_pt xsaveopt xsavec xgetbv1 xsaves dtherm ida arat pln pts hwp hwp_notify hwp_act_window hwp_epp flush_l1d

Memory: 4k page, physical 16307820k(11844384k free), swap 2097148k(2097148k free)

vm_info: OpenJDK 64-Bit Server VM (11.0.2+9-Ubuntu-3ubuntu118.04.3) for linux-amd64 JRE (11.0.2+9-Ubuntu-3ubuntu118.04.3), built on Mar 26 2019 20:57:06 by "buildd" with gcc 7.3.0

END.
